{
  "stats": {
    "suites": 3,
    "tests": 2,
    "passes": 2,
    "pending": 0,
    "failures": 0,
    "start": "2021-11-25T18:55:34.058Z",
    "end": "2021-11-25T18:56:32.089Z",
    "duration": 58031,
    "testsRegistered": 2,
    "passPercent": 100,
    "pendingPercent": 0,
    "other": 0,
    "hasOther": false,
    "skipped": 0,
    "hasSkipped": false
  },
  "results": [
    {
      "uuid": "0d785e67-7c79-40b8-8377-8fd5fd41f80e",
      "title": "",
      "fullFile": "cypress/integration/02-endereco.spec.js",
      "file": "cypress/integration/02-endereco.spec.js",
      "beforeHooks": [],
      "afterHooks": [],
      "tests": [],
      "suites": [
        {
          "uuid": "697c12c0-d85a-442a-bf4d-097fdd707011",
          "title": "Testes Front Mercado Online - CADASTRAO DE ENDERECOS",
          "fullFile": "",
          "file": "",
          "beforeHooks": [],
          "afterHooks": [],
          "tests": [],
          "suites": [
            {
              "uuid": "4d7a0d66-5d4d-4296-8a54-ea9ea3185ffa",
              "title": "Testes cadastro de enderecos/Positivos",
              "fullFile": "",
              "file": "",
              "beforeHooks": [],
              "afterHooks": [],
              "tests": [
                {
                  "title": "Deve adicionar um endereco com sucesso",
                  "fullTitle": "Testes Front Mercado Online - CADASTRAO DE ENDERECOS Testes cadastro de enderecos/Positivos Deve adicionar um endereco com sucesso",
                  "timedOut": null,
                  "duration": 29959,
                  "state": "passed",
                  "speed": "slow",
                  "pass": true,
                  "fail": false,
                  "pending": false,
                  "context": null,
                  "code": "_mercado_endereco.default.verificaEndereco();\n_mercado_endereco.default.cadastroEndereco();",
                  "err": {},
                  "uuid": "acff4e92-a6ae-4af0-9044-13287b89f42e",
                  "parentUUID": "4d7a0d66-5d4d-4296-8a54-ea9ea3185ffa",
                  "isHook": false,
                  "skipped": false
                }
              ],
              "suites": [],
              "passes": [
                "acff4e92-a6ae-4af0-9044-13287b89f42e"
              ],
              "failures": [],
              "pending": [],
              "skipped": [],
              "duration": 29959,
              "root": false,
              "rootEmpty": false,
              "_timeout": 2000
            },
            {
              "uuid": "9c4a6590-3b43-464c-879a-221bf3ae07d8",
              "title": "Testes cadastro de enderecos/Negativos",
              "fullFile": "",
              "file": "",
              "beforeHooks": [],
              "afterHooks": [],
              "tests": [
                {
                  "title": "Deve adicionar um endereco com cep invalido",
                  "fullTitle": "Testes Front Mercado Online - CADASTRAO DE ENDERECOS Testes cadastro de enderecos/Negativos Deve adicionar um endereco com cep invalido",
                  "timedOut": null,
                  "duration": 27902,
                  "state": "passed",
                  "speed": "slow",
                  "pass": true,
                  "fail": false,
                  "pending": false,
                  "context": null,
                  "code": "_mercado_endereco.default.verificaEndereco();\n_mercado_endereco.default.cadastroEnderecoInvalido();",
                  "err": {},
                  "uuid": "b7e216bf-1591-4131-8425-1972044d4470",
                  "parentUUID": "9c4a6590-3b43-464c-879a-221bf3ae07d8",
                  "isHook": false,
                  "skipped": false
                }
              ],
              "suites": [],
              "passes": [
                "b7e216bf-1591-4131-8425-1972044d4470"
              ],
              "failures": [],
              "pending": [],
              "skipped": [],
              "duration": 27902,
              "root": false,
              "rootEmpty": false,
              "_timeout": 2000
            }
          ],
          "passes": [],
          "failures": [],
          "pending": [],
          "skipped": [],
          "duration": 0,
          "root": false,
          "rootEmpty": false,
          "_timeout": 2000
        }
      ],
      "passes": [],
      "failures": [],
      "pending": [],
      "skipped": [],
      "duration": 0,
      "root": true,
      "rootEmpty": true,
      "_timeout": 2000
    }
  ],
  "meta": {
    "mocha": {
      "version": "7.0.1"
    },
    "mochawesome": {
      "options": {
        "quiet": false,
        "reportFilename": "mochawesome",
        "saveHtml": false,
        "saveJson": true,
        "consoleReporter": "spec",
        "useInlineDiffs": false,
        "code": true
      },
      "version": "7.0.1"
    },
    "marge": {
      "options": {
        "reportDir": "cypress/report/mochawesome-report",
        "overwrite": false,
        "html": false,
        "json": true,
        "timestamp": "yyyymmdd_HHMMss",
        "reportTitle": "Relatório",
        "cdn": true,
        "charts": true
      },
      "version": "6.0.1"
    }
  }
}