{
  "stats": {
    "suites": 3,
    "tests": 2,
    "passes": 2,
    "pending": 0,
    "failures": 0,
    "start": "2021-11-25T18:56:34.633Z",
    "end": "2021-11-25T18:56:57.881Z",
    "duration": 23248,
    "testsRegistered": 2,
    "passPercent": 100,
    "pendingPercent": 0,
    "other": 0,
    "hasOther": false,
    "skipped": 0,
    "hasSkipped": false
  },
  "results": [
    {
      "uuid": "360917fa-3bec-49a7-bbbb-35d1b15d1b60",
      "title": "",
      "fullFile": "cypress/integration/03-login.spec.js",
      "file": "cypress/integration/03-login.spec.js",
      "beforeHooks": [],
      "afterHooks": [],
      "tests": [],
      "suites": [
        {
          "uuid": "9cf14943-f176-4b95-854c-41a9ddc5b336",
          "title": "Testes Front Mercado Online - LOGIN",
          "fullFile": "",
          "file": "",
          "beforeHooks": [],
          "afterHooks": [],
          "tests": [],
          "suites": [
            {
              "uuid": "725b1566-1f87-4384-82b4-d0a23c66beb4",
              "title": "Testes de login/Positivos",
              "fullFile": "",
              "file": "",
              "beforeHooks": [],
              "afterHooks": [],
              "tests": [
                {
                  "title": "Deve realizar login no sistema com sucesso",
                  "fullTitle": "Testes Front Mercado Online - LOGIN Testes de login/Positivos Deve realizar login no sistema com sucesso",
                  "timedOut": null,
                  "duration": 13034,
                  "state": "passed",
                  "speed": "slow",
                  "pass": true,
                  "fail": false,
                  "pending": false,
                  "context": null,
                  "code": "_mercado_login.default.verificarLogin();\n_mercado_login.default.realizarLogin();",
                  "err": {},
                  "uuid": "750d043b-e658-4870-8506-ce3a05af8169",
                  "parentUUID": "725b1566-1f87-4384-82b4-d0a23c66beb4",
                  "isHook": false,
                  "skipped": false
                }
              ],
              "suites": [],
              "passes": [
                "750d043b-e658-4870-8506-ce3a05af8169"
              ],
              "failures": [],
              "pending": [],
              "skipped": [],
              "duration": 13034,
              "root": false,
              "rootEmpty": false,
              "_timeout": 2000
            },
            {
              "uuid": "b58e9d06-b41e-42e3-a31b-10a7236de816",
              "title": "Testes de login/Negativos",
              "fullFile": "",
              "file": "",
              "beforeHooks": [],
              "afterHooks": [],
              "tests": [
                {
                  "title": "Deve realizar login no sistema com usuário inexistente",
                  "fullTitle": "Testes Front Mercado Online - LOGIN Testes de login/Negativos Deve realizar login no sistema com usuário inexistente",
                  "timedOut": null,
                  "duration": 10101,
                  "state": "passed",
                  "speed": "slow",
                  "pass": true,
                  "fail": false,
                  "pending": false,
                  "context": null,
                  "code": "_mercado_login.default.falhaLogin();",
                  "err": {},
                  "uuid": "250b1ef3-c160-424d-9efb-5fef42dd5fe8",
                  "parentUUID": "b58e9d06-b41e-42e3-a31b-10a7236de816",
                  "isHook": false,
                  "skipped": false
                }
              ],
              "suites": [],
              "passes": [
                "250b1ef3-c160-424d-9efb-5fef42dd5fe8"
              ],
              "failures": [],
              "pending": [],
              "skipped": [],
              "duration": 10101,
              "root": false,
              "rootEmpty": false,
              "_timeout": 2000
            }
          ],
          "passes": [],
          "failures": [],
          "pending": [],
          "skipped": [],
          "duration": 0,
          "root": false,
          "rootEmpty": false,
          "_timeout": 2000
        }
      ],
      "passes": [],
      "failures": [],
      "pending": [],
      "skipped": [],
      "duration": 0,
      "root": true,
      "rootEmpty": true,
      "_timeout": 2000
    }
  ],
  "meta": {
    "mocha": {
      "version": "7.0.1"
    },
    "mochawesome": {
      "options": {
        "quiet": false,
        "reportFilename": "mochawesome",
        "saveHtml": false,
        "saveJson": true,
        "consoleReporter": "spec",
        "useInlineDiffs": false,
        "code": true
      },
      "version": "7.0.1"
    },
    "marge": {
      "options": {
        "reportDir": "cypress/report/mochawesome-report",
        "overwrite": false,
        "html": false,
        "json": true,
        "timestamp": "yyyymmdd_HHMMss",
        "reportTitle": "Relatório",
        "cdn": true,
        "charts": true
      },
      "version": "6.0.1"
    }
  }
}