{
  "stats": {
    "suites": 3,
    "tests": 2,
    "passes": 2,
    "pending": 0,
    "failures": 0,
    "start": "2021-11-25T18:57:48.931Z",
    "end": "2021-11-25T18:58:47.583Z",
    "duration": 58652,
    "testsRegistered": 2,
    "passPercent": 100,
    "pendingPercent": 0,
    "other": 0,
    "hasOther": false,
    "skipped": 0,
    "hasSkipped": false
  },
  "results": [
    {
      "uuid": "24e9884e-eb2c-43f6-b1f0-301689691ba6",
      "title": "",
      "fullFile": "cypress/integration/05-checkout.spec.js",
      "file": "cypress/integration/05-checkout.spec.js",
      "beforeHooks": [],
      "afterHooks": [],
      "tests": [],
      "suites": [
        {
          "uuid": "109299d3-2e1e-4b7b-b57a-2235361d2e84",
          "title": "Testes Front Mercado Online - CHECKOUT",
          "fullFile": "",
          "file": "",
          "beforeHooks": [],
          "afterHooks": [],
          "tests": [],
          "suites": [
            {
              "uuid": "e3f96a3d-0e98-470c-b3d4-5752836d1694",
              "title": "Testes de checkout/Positivos",
              "fullFile": "",
              "file": "",
              "beforeHooks": [],
              "afterHooks": [],
              "tests": [
                {
                  "title": "Deve adicionar itens ao carrinho e realizar checkout com sucesso",
                  "fullTitle": "Testes Front Mercado Online - CHECKOUT Testes de checkout/Positivos Deve adicionar itens ao carrinho e realizar checkout com sucesso",
                  "timedOut": null,
                  "duration": 33036,
                  "state": "passed",
                  "speed": "slow",
                  "pass": true,
                  "fail": false,
                  "pending": false,
                  "context": null,
                  "code": "_mercado_checkout.default.finalizarCompra();\n_mercado_checkout.default.realizarCheckout();",
                  "err": {},
                  "uuid": "93ada7dd-9e80-4696-8bf9-08349b43adca",
                  "parentUUID": "e3f96a3d-0e98-470c-b3d4-5752836d1694",
                  "isHook": false,
                  "skipped": false
                }
              ],
              "suites": [],
              "passes": [
                "93ada7dd-9e80-4696-8bf9-08349b43adca"
              ],
              "failures": [],
              "pending": [],
              "skipped": [],
              "duration": 33036,
              "root": false,
              "rootEmpty": false,
              "_timeout": 2000
            },
            {
              "uuid": "059dc2ac-8a68-431f-bbee-52b7afce0ddf",
              "title": "Testes de checkout/Negativos",
              "fullFile": "",
              "file": "",
              "beforeHooks": [],
              "afterHooks": [],
              "tests": [
                {
                  "title": "Deve adicionar itens ao carrinho e inserir email inexistente no checkout",
                  "fullTitle": "Testes Front Mercado Online - CHECKOUT Testes de checkout/Negativos Deve adicionar itens ao carrinho e inserir email inexistente no checkout",
                  "timedOut": null,
                  "duration": 25387,
                  "state": "passed",
                  "speed": "slow",
                  "pass": true,
                  "fail": false,
                  "pending": false,
                  "context": null,
                  "code": "_mercado_checkout.default.emailInexistente();",
                  "err": {},
                  "uuid": "2527ca0f-ee8f-4f1f-82e2-22197fbef0e9",
                  "parentUUID": "059dc2ac-8a68-431f-bbee-52b7afce0ddf",
                  "isHook": false,
                  "skipped": false
                }
              ],
              "suites": [],
              "passes": [
                "2527ca0f-ee8f-4f1f-82e2-22197fbef0e9"
              ],
              "failures": [],
              "pending": [],
              "skipped": [],
              "duration": 25387,
              "root": false,
              "rootEmpty": false,
              "_timeout": 2000
            }
          ],
          "passes": [],
          "failures": [],
          "pending": [],
          "skipped": [],
          "duration": 0,
          "root": false,
          "rootEmpty": false,
          "_timeout": 2000
        }
      ],
      "passes": [],
      "failures": [],
      "pending": [],
      "skipped": [],
      "duration": 0,
      "root": true,
      "rootEmpty": true,
      "_timeout": 2000
    }
  ],
  "meta": {
    "mocha": {
      "version": "7.0.1"
    },
    "mochawesome": {
      "options": {
        "quiet": false,
        "reportFilename": "mochawesome",
        "saveHtml": false,
        "saveJson": true,
        "consoleReporter": "spec",
        "useInlineDiffs": false,
        "code": true
      },
      "version": "7.0.1"
    },
    "marge": {
      "options": {
        "reportDir": "cypress/report/mochawesome-report",
        "overwrite": false,
        "html": false,
        "json": true,
        "timestamp": "yyyymmdd_HHMMss",
        "reportTitle": "Relatório",
        "cdn": true,
        "charts": true
      },
      "version": "6.0.1"
    }
  }
}